2024-12-27T14:18:33.993Z: Database initialized successfully
2024-12-27T14:18:35.406Z: > Server ready on http://localhost:3003
2024-12-27T14:18:50.234Z: Database initialized successfully
2024-12-27T14:18:52.142Z: Database initialized successfully
2024-12-27T14:18:53.563Z: > Server ready on http://localhost:3003
2024-12-27T14:19:11.053Z: Database initialized successfully
2024-12-27T14:19:12.635Z: Database initialized successfully
2024-12-27T14:19:14.019Z: > Server ready on http://localhost:3003
2024-12-27T14:19:25.563Z: Database initialized successfully
2024-12-27T14:19:27.031Z: Database initialized successfully
2024-12-27T14:19:28.431Z: > Server ready on http://localhost:3003
2024-12-27T14:19:32.449Z: Database initialized successfully
2024-12-27T14:19:33.874Z: > Server ready on http://localhost:3003
2024-12-27T14:23:44.356Z: Database initialized successfully
2024-12-27T14:23:45.739Z: > Server ready on http://localhost:3003
2024-12-27T14:25:24.539Z: Database initialized successfully
2024-12-27T14:25:27.068Z: Database initialized successfully
2024-12-27T14:25:28.478Z: > Server ready on http://localhost:3003
2024-12-27T14:26:22.719Z: Database initialized successfully
2024-12-27T14:26:24.133Z: > Server ready on http://localhost:3003
2024-12-27T14:26:41.072Z: Database initialized successfully
2024-12-27T14:26:42.643Z: > Server ready on http://localhost:3003
2024-12-27T14:27:56.502Z: Database initialized successfully
2024-12-27T14:27:58.061Z: > Server ready on http://localhost:3003
2024-12-27T14:28:04.150Z: Processing waitlist request for flight 3411 on 2024-12-27 for user KUM/V
2024-12-27T14:28:47.102Z: Database initialized successfully
2024-12-27T14:28:48.696Z: > Server ready on http://localhost:3003
2024-12-27T14:28:57.543Z: Processing waitlist request for flight 3411 on 2024-12-30 for user KUM/V
2024-12-27T14:29:20.936Z: Processing waitlist request for flight 17 on 2024-12-30 for user KUM/V
2024-12-27T14:29:35.822Z: Processing waitlist request for flight 17 on 2024-12-28 for user KUM/V
2024-12-27T14:29:59.856Z: Processing waitlist request for flight 18 on 2024-12-28 for user KUM/V
2024-12-27T14:30:13.132Z: Processing waitlist request for flight 19 on 2024-12-28 for user KUM/V
2024-12-27T14:30:21.705Z: Processing waitlist request for flight 20 on 2024-12-28 for user KUM/V
2024-12-27T14:31:20.779Z: Database initialized successfully
2024-12-27T14:31:22.294Z: > Server ready on http://localhost:3003
2024-12-27T14:31:35.739Z: Processing waitlist request for flight 3411 on 2024-12-29 for user SGO/S
2024-12-27T14:31:51.461Z: Database initialized successfully
2024-12-27T14:31:52.524Z: Database initialized successfully
2024-12-27T14:31:53.947Z: > Server ready on http://localhost:3003
2024-12-27T14:32:10.003Z: Processing waitlist request for flight 3455 on 2024-12-28 for user KUM/V
2024-12-27T14:33:15.989Z: Database initialized successfully
2024-12-27T14:33:17.532Z: > Server ready on http://localhost:3003
2024-12-27T14:33:20.455Z: Database initialized successfully
2024-12-27T14:33:21.884Z: > Server ready on http://localhost:3003
2024-12-27T14:34:29.150Z: Processing waitlist request for flight 3411 on 2024-12-30 for user JIN/G
2024-12-27T14:36:40.220Z: Database initialized successfully
2024-12-27T14:36:41.685Z: > Server ready on http://localhost:3003
2024-12-27T14:36:55.502Z: Processing waitlist request for flight 30 on 2024-12-29 for user KUM/V
2024-12-27T14:38:05.774Z: Database initialized successfully
2024-12-27T14:38:07.424Z: > Server ready on http://localhost:3003
2024-12-27T14:38:08.349Z: Processing waitlist request for flight 30 on 2024-12-29 for user KUM/V
2024-12-27T14:40:28.819Z: Database initialized successfully
2024-12-27T14:40:30.201Z: > Server ready on http://localhost:3003
2024-12-27T14:40:51.116Z: Processing waitlist request for flight 3411 on 2024-12-29 for user AFA/X
2024-12-27T14:44:15.325Z: Database initialized successfully
2024-12-27T14:44:16.800Z: > Server ready on http://localhost:3003
2024-12-27T14:44:22.788Z: Processing waitlist request for flight 3411 on 2024-12-29 for user AFA/X
2024-12-27T14:45:20.581Z: Database initialized successfully
2024-12-27T14:45:22.024Z: > Server ready on http://localhost:3003
2024-12-27T14:45:23.661Z: Database initialized successfully
2024-12-27T14:45:25.078Z: > Server ready on http://localhost:3003
2024-12-27T14:45:33.919Z: Processing waitlist request for flight 3411 on 2024-12-29 for user JIN/S
2024-12-27T22:19:04.743Z: Database initialized successfully
2024-12-27T22:19:06.042Z: > Server ready on http://localhost:3003
2024-12-27T22:19:18.419Z: Processing waitlist request for flight 3411 on 2024-12-29 for user KUM/V
2024-12-27T22:21:37.550Z: Database initialized successfully
2024-12-27T22:21:39.049Z: > Server ready on http://localhost:3003
2024-12-27T22:21:58.510Z: Database initialized successfully
2024-12-27T22:22:00.234Z: > Server ready on http://localhost:3003
2024-12-27T22:22:06.822Z: Database initialized successfully
2024-12-27T22:22:31.709Z: Database initialized successfully
2024-12-27T22:22:33.143Z: > Server ready on http://localhost:3003
2024-12-27T22:23:46.106Z: Database initialized successfully
2024-12-27T22:23:47.586Z: > Server ready on http://localhost:3003
2024-12-27T22:25:57.776Z: Database initialized successfully
2024-12-27T22:25:59.205Z: > Server ready on http://localhost:3003
2024-12-27T22:26:46.310Z: Database initialized successfully
2024-12-27T22:26:47.715Z: > Server ready on http://localhost:3003
2024-12-27T22:29:04.258Z: Database initialized successfully
2024-12-27T22:29:05.664Z: > Server ready on http://localhost:3003
2024-12-27T22:29:07.556Z: Database initialized successfully
2024-12-27T22:29:08.932Z: > Server ready on http://localhost:3003
